[02:02:05] [ServerMain/INFO]: [bootstrap] Running Java 21 (OpenJDK 64-Bit Server VM 21.0.6+7-Ubuntu-120.04.1; Ubuntu null) on Linux 6.5.0-1025-azure (amd64)
[02:02:05] [ServerMain/INFO]: [bootstrap] Loading Paper 1.21.1-57-master@b483da4 (2024-09-01T18:09:05Z) for Minecraft 1.21.1
[02:02:06] [ServerMain/INFO]: [PluginInitializerManager] Initializing plugins...
[02:02:09] [ServerMain/INFO]: [PluginInitializerManager] Initialized 10 plugins
[02:02:09] [ServerMain/INFO]: [PluginInitializerManager] Bukkit plugins (10):
 - BloodMoon (0.8.1), DeathChest (2.2.7), EnchantsSquared (2.5.11), Essentials (2.20.1), GWarp ([2.13.0.2]), InfernalMobs (6.8), LuckPerms (5.4.154), SkinsRestorer (15.5.2), TabTPS (1.3.25), TreeCapitator (7.1)
[02:02:19] [ServerMain/INFO]: Environment: Environment[sessionHost=https://sessionserver.mojang.com, servicesHost=https://api.minecraftservices.com, name=PROD]
[02:02:24] [ServerMain/INFO]: Loaded 1290 recipes
[02:02:24] [ServerMain/INFO]: Loaded 1399 advancements
[02:02:24] [Server thread/INFO]: Starting minecraft server version 1.21.1
[02:02:24] [Server thread/INFO]: Loading properties
[02:02:24] [Server thread/INFO]: This server is running Paper version 1.21.1-57-master@b483da4 (2024-09-01T18:09:05Z) (Implementing API version 1.21.1-R0.1-SNAPSHOT)
[02:02:25] [Server thread/INFO]: [spark] This server bundles the spark profiler. For more information please visit https://docs.papermc.io/paper/profiling
[02:02:25] [Server thread/INFO]: Server Ping Player Sample Count: 12
[02:02:25] [Server thread/INFO]: Using 4 threads for Netty based IO
[02:02:26] [Server thread/INFO]: [ChunkTaskScheduler] Chunk system is using 1 I/O threads, 1 worker threads, and population gen parallelism of 1 threads
[02:02:27] [Server thread/INFO]: Default game type: SURVIVAL
[02:02:27] [Server thread/INFO]: Generating keypair
[02:02:27] [Server thread/INFO]: Starting Minecraft server on *:25565
[02:02:27] [Server thread/INFO]: Using epoll channel type
[02:02:27] [Server thread/INFO]: Paper: Using libdeflate (Linux x86_64) compression from Velocity.
[02:02:27] [Server thread/INFO]: Paper: Using OpenSSL 1.1.x (Linux x86_64) cipher from Velocity.
[02:02:29] [Server thread/INFO]: [SpigotLibraryLoader] [DeathChest] Loading 8 libraries... please wait
[02:02:29] [Server thread/INFO]: [SpigotLibraryLoader] [DeathChest] Loaded library /workspaces/Testeo/servidor_minecraft/libraries/org/apache/commons/commons-text/1.10.0/commons-text-1.10.0.jar
[02:02:29] [Server thread/INFO]: [SpigotLibraryLoader] [DeathChest] Loaded library /workspaces/Testeo/servidor_minecraft/libraries/org/apache/commons/commons-lang3/3.12.0/commons-lang3-3.12.0.jar
[02:02:29] [Server thread/INFO]: [SpigotLibraryLoader] [DeathChest] Loaded library /workspaces/Testeo/servidor_minecraft/libraries/com/google/inject/guice/7.0.0/guice-7.0.0.jar
[02:02:29] [Server thread/INFO]: [SpigotLibraryLoader] [DeathChest] Loaded library /workspaces/Testeo/servidor_minecraft/libraries/jakarta/inject/jakarta.inject-api/2.0.1/jakarta.inject-api-2.0.1.jar
[02:02:29] [Server thread/INFO]: [SpigotLibraryLoader] [DeathChest] Loaded library /workspaces/Testeo/servidor_minecraft/libraries/aopalliance/aopalliance/1.0/aopalliance-1.0.jar
[02:02:29] [Server thread/INFO]: [SpigotLibraryLoader] [DeathChest] Loaded library /workspaces/Testeo/servidor_minecraft/libraries/com/google/guava/guava/31.0.1-jre/guava-31.0.1-jre.jar
[02:02:29] [Server thread/INFO]: [SpigotLibraryLoader] [DeathChest] Loaded library /workspaces/Testeo/servidor_minecraft/libraries/com/google/guava/failureaccess/1.0.1/failureaccess-1.0.1.jar
[02:02:29] [Server thread/INFO]: [SpigotLibraryLoader] [DeathChest] Loaded library /workspaces/Testeo/servidor_minecraft/libraries/com/google/guava/listenablefuture/9999.0-empty-to-avoid-conflict-with-guava/listenablefuture-9999.0-empty-to-avoid-conflict-with-guava.jar
[02:02:29] [Server thread/INFO]: [SpigotLibraryLoader] [DeathChest] Loaded library /workspaces/Testeo/servidor_minecraft/libraries/com/google/code/findbugs/jsr305/3.0.2/jsr305-3.0.2.jar
[02:02:29] [Server thread/INFO]: [SpigotLibraryLoader] [DeathChest] Loaded library /workspaces/Testeo/servidor_minecraft/libraries/com/google/errorprone/error_prone_annotations/2.7.1/error_prone_annotations-2.7.1.jar
[02:02:29] [Server thread/INFO]: [SpigotLibraryLoader] [DeathChest] Loaded library /workspaces/Testeo/servidor_minecraft/libraries/com/google/j2objc/j2objc-annotations/1.3/j2objc-annotations-1.3.jar
[02:02:29] [Server thread/INFO]: [SpigotLibraryLoader] [DeathChest] Loaded library /workspaces/Testeo/servidor_minecraft/libraries/cloud/commandframework/cloud-core/1.7.1/cloud-core-1.7.1.jar
[02:02:29] [Server thread/INFO]: [SpigotLibraryLoader] [DeathChest] Loaded library /workspaces/Testeo/servidor_minecraft/libraries/cloud/commandframework/cloud-services/1.7.1/cloud-services-1.7.1.jar
[02:02:29] [Server thread/INFO]: [SpigotLibraryLoader] [DeathChest] Loaded library /workspaces/Testeo/servidor_minecraft/libraries/io/leangen/geantyref/geantyref/1.3.13/geantyref-1.3.13.jar
[02:02:29] [Server thread/INFO]: [SpigotLibraryLoader] [DeathChest] Loaded library /workspaces/Testeo/servidor_minecraft/libraries/org/checkerframework/checker-qual/3.22.1/checker-qual-3.22.1.jar
[02:02:29] [Server thread/INFO]: [SpigotLibraryLoader] [DeathChest] Loaded library /workspaces/Testeo/servidor_minecraft/libraries/org/apiguardian/apiguardian-api/1.1.2/apiguardian-api-1.1.2.jar
[02:02:29] [Server thread/INFO]: [SpigotLibraryLoader] [DeathChest] Loaded library /workspaces/Testeo/servidor_minecraft/libraries/cloud/commandframework/cloud-bukkit/1.7.1/cloud-bukkit-1.7.1.jar
[02:02:29] [Server thread/INFO]: [SpigotLibraryLoader] [DeathChest] Loaded library /workspaces/Testeo/servidor_minecraft/libraries/cloud/commandframework/cloud-brigadier/1.7.1/cloud-brigadier-1.7.1.jar
[02:02:29] [Server thread/INFO]: [SpigotLibraryLoader] [DeathChest] Loaded library /workspaces/Testeo/servidor_minecraft/libraries/cloud/commandframework/cloud-tasks/1.7.1/cloud-tasks-1.7.1.jar
[02:02:29] [Server thread/INFO]: [SpigotLibraryLoader] [DeathChest] Loaded library /workspaces/Testeo/servidor_minecraft/libraries/net/kyori/adventure-platform-bukkit/4.3.0/adventure-platform-bukkit-4.3.0.jar
[02:02:29] [Server thread/INFO]: [SpigotLibraryLoader] [DeathChest] Loaded library /workspaces/Testeo/servidor_minecraft/libraries/net/kyori/adventure-platform-api/4.3.0/adventure-platform-api-4.3.0.jar
[02:02:29] [Server thread/INFO]: [SpigotLibraryLoader] [DeathChest] Loaded library /workspaces/Testeo/servidor_minecraft/libraries/net/kyori/adventure-text-serializer-bungeecord/4.3.0/adventure-text-serializer-bungeecord-4.3.0.jar
[02:02:29] [Server thread/INFO]: [SpigotLibraryLoader] [DeathChest] Loaded library /workspaces/Testeo/servidor_minecraft/libraries/net/kyori/adventure-nbt/4.13.0/adventure-nbt-4.13.0.jar
[02:02:29] [Server thread/INFO]: [SpigotLibraryLoader] [DeathChest] Loaded library /workspaces/Testeo/servidor_minecraft/libraries/net/kyori/examination-api/1.3.0/examination-api-1.3.0.jar
[02:02:29] [Server thread/INFO]: [SpigotLibraryLoader] [DeathChest] Loaded library /workspaces/Testeo/servidor_minecraft/libraries/net/kyori/examination-string/1.3.0/examination-string-1.3.0.jar
[02:02:29] [Server thread/INFO]: [SpigotLibraryLoader] [DeathChest] Loaded library /workspaces/Testeo/servidor_minecraft/libraries/org/jetbrains/annotations/24.0.1/annotations-24.0.1.jar
[02:02:29] [Server thread/INFO]: [SpigotLibraryLoader] [DeathChest] Loaded library /workspaces/Testeo/servidor_minecraft/libraries/net/kyori/adventure-text-serializer-gson/4.13.0/adventure-text-serializer-gson-4.13.0.jar
[02:02:29] [Server thread/INFO]: [SpigotLibraryLoader] [DeathChest] Loaded library /workspaces/Testeo/servidor_minecraft/libraries/net/kyori/adventure-text-serializer-gson-legacy-impl/4.13.0/adventure-text-serializer-gson-legacy-impl-4.13.0.jar
[02:02:29] [Server thread/INFO]: [SpigotLibraryLoader] [DeathChest] Loaded library /workspaces/Testeo/servidor_minecraft/libraries/net/kyori/adventure-platform-facet/4.3.0/adventure-platform-facet-4.3.0.jar
[02:02:29] [Server thread/INFO]: [SpigotLibraryLoader] [DeathChest] Loaded library /workspaces/Testeo/servidor_minecraft/libraries/net/kyori/adventure-platform-viaversion/4.3.0/adventure-platform-viaversion-4.3.0.jar
[02:02:29] [Server thread/INFO]: [SpigotLibraryLoader] [DeathChest] Loaded library /workspaces/Testeo/servidor_minecraft/libraries/net/kyori/adventure-text-minimessage/4.14.0/adventure-text-minimessage-4.14.0.jar
[02:02:29] [Server thread/INFO]: [SpigotLibraryLoader] [DeathChest] Loaded library /workspaces/Testeo/servidor_minecraft/libraries/net/kyori/adventure-api/4.14.0/adventure-api-4.14.0.jar
[02:02:29] [Server thread/INFO]: [SpigotLibraryLoader] [DeathChest] Loaded library /workspaces/Testeo/servidor_minecraft/libraries/net/kyori/adventure-key/4.14.0/adventure-key-4.14.0.jar
[02:02:29] [Server thread/INFO]: [SpigotLibraryLoader] [DeathChest] Loaded library /workspaces/Testeo/servidor_minecraft/libraries/net/kyori/adventure-text-serializer-legacy/4.14.0/adventure-text-serializer-legacy-4.14.0.jar
[02:02:29] [Server thread/INFO]: [SpigotLibraryLoader] [DeathChest] Loaded library /workspaces/Testeo/servidor_minecraft/libraries/org/bstats/bstats-bukkit/3.0.2/bstats-bukkit-3.0.2.jar
[02:02:29] [Server thread/INFO]: [SpigotLibraryLoader] [DeathChest] Loaded library /workspaces/Testeo/servidor_minecraft/libraries/org/bstats/bstats-base/3.0.2/bstats-base-3.0.2.jar
[02:02:30] [Server thread/INFO]: [LuckPerms] Loading server plugin LuckPerms v5.4.154
[02:02:30] [Server thread/INFO]: [TabTPS] Loading server plugin TabTPS v1.3.25
[02:02:30] [Server thread/INFO]: [SkinsRestorer] Loading server plugin SkinsRestorer v15.5.2
[02:02:30] [Server thread/INFO]: [GWarp] Loading server plugin GWarp v[2.13.0.2]
[02:02:30] [Server thread/INFO]: [EnchantsSquared] Loading server plugin EnchantsSquared v2.5.11
[02:02:30] [Server thread/INFO]: [TreeCapitator] Loading server plugin TreeCapitator v7.1
[02:02:30] [Server thread/INFO]: [BloodMoon] Loading server plugin BloodMoon v0.8.1
[02:02:30] [Server thread/INFO]: [DeathChest] Loading server plugin DeathChest v2.2.7
[02:02:30] [Server thread/INFO]: [Essentials] Loading server plugin Essentials v2.20.1
[02:02:31] [Server thread/INFO]: [InfernalMobs] Loading server plugin InfernalMobs v6.8
[02:02:31] [Server thread/INFO]: Server permissions file permissions.yml is empty, ignoring it
[02:02:31] [Server thread/INFO]: [LuckPerms] Enabling LuckPerms v5.4.154
[02:02:31] [Server thread/INFO]:         __    
[02:02:31] [Server thread/INFO]:   |    |__)   LuckPerms v5.4.154
[02:02:31] [Server thread/INFO]:   |___ |      Running on Bukkit - Paper
[02:02:31] [Server thread/INFO]: 
[02:02:31] [Server thread/INFO]: [LuckPerms] Loading configuration...
[02:02:31] [Server thread/INFO]: [LuckPerms] Loading storage provider... [H2]
[02:02:32] [Server thread/INFO]: [LuckPerms] Loading internal permission managers...
[02:02:32] [Server thread/INFO]: [LuckPerms] Performing initial data load...
[02:02:32] [Server thread/INFO]: [LuckPerms] Successfully enabled. (took 1741ms)
[02:02:32] [Server thread/INFO]: [SkinsRestorer] Enabling SkinsRestorer v15.5.2
[02:02:34] [Server thread/WARN]: [SkinsRestorer] You must agree to the rules at 'commands.perSkinPermissionsConsent' in the config to use per skin permissions.
[02:02:35] [Server thread/INFO]: [SkinsRestorer] Running on Minecraft 1.21.1.
[02:02:37] [Server thread/INFO]: [SkinsRestorer] Using paper join listener!
[02:02:37] [Server thread/WARN]: **** SERVER IS RUNNING IN OFFLINE/INSECURE MODE!
[02:02:37] [Server thread/WARN]: The server will make no attempt to authenticate usernames. Beware.
[02:02:37] [Server thread/WARN]: While this makes the game possible to play without internet access, it also opens up the ability for hackers to connect with any username they choose.
[02:02:37] [Server thread/WARN]: To change this, set "online-mode" to "true" in the server.properties file.
[02:02:37] [Server thread/INFO]: Preparing level "world"
[02:02:37] [Folia Async Scheduler Thread #1/INFO]: [SkinsRestorer] ----------------------------------------------
[02:02:37] [Folia Async Scheduler Thread #1/INFO]: [SkinsRestorer]     +==================+
[02:02:37] [Folia Async Scheduler Thread #1/INFO]: [SkinsRestorer]     |   SkinsRestorer  |
[02:02:37] [Folia Async Scheduler Thread #1/INFO]: [SkinsRestorer]     |------------------|
[02:02:37] [Folia Async Scheduler Thread #1/INFO]: [SkinsRestorer]     |  Standalone Mode |
[02:02:37] [Folia Async Scheduler Thread #1/INFO]: [SkinsRestorer]     +==================+
[02:02:37] [Folia Async Scheduler Thread #1/INFO]: [SkinsRestorer] ----------------------------------------------
[02:02:37] [Folia Async Scheduler Thread #1/INFO]: [SkinsRestorer]     Version: 15.5.2
[02:02:37] [Folia Async Scheduler Thread #1/INFO]: [SkinsRestorer]     Commit: ae257f6
[02:02:37] [Folia Async Scheduler Thread #1/INFO]: [SkinsRestorer]     This is the latest version!
[02:02:37] [Folia Async Scheduler Thread #1/INFO]: [SkinsRestorer] ----------------------------------------------
[02:02:37] [Folia Async Scheduler Thread #1/INFO]: [SkinsRestorer] Do you have issues? Read our troubleshooting guide: https://skinsrestorer.net/docs/troubleshooting
[02:02:37] [Folia Async Scheduler Thread #1/INFO]: [SkinsRestorer] Want to support SkinsRestorer? Consider donating: https://skinsrestorer.net/donate
[02:02:38] [Server thread/INFO]: Preparing start region for dimension minecraft:overworld
[02:02:40] [Server thread/INFO]: Time elapsed: 2426 ms
[02:02:40] [Server thread/INFO]: Preparing start region for dimension minecraft:the_nether
[02:02:40] [Server thread/INFO]: Time elapsed: 338 ms
[02:02:40] [Server thread/INFO]: Preparing start region for dimension minecraft:the_end
[02:02:41] [Server thread/INFO]: Time elapsed: 302 ms
[02:02:41] [Server thread/INFO]: [TabTPS] Enabling TabTPS v1.3.25
[02:02:45] [Server thread/INFO]: [GWarp] Enabling GWarp v[2.13.0.2]
[02:02:45] [Server thread/INFO]: [GWarp] The Plugin was successfully enabled.
[02:02:45] [Server thread/INFO]: [EnchantsSquared] Enabling EnchantsSquared v2.5.11
[02:02:46] [Server thread/INFO]: [TreeCapitator] Enabling TreeCapitator v7.1
[02:02:46] [Server thread/INFO]: [TreeCapitator] WorldGuard not found. Maybe WorldGuard or this plugin are not up to date?
[02:02:46] [Server thread/INFO]: [TreeCapitator] An update is available, use /tc update to update to the lastest version (from v7.1 to v6.4.4)
[02:02:46] [Server thread/INFO]: [TreeCapitator] Logs from JSON: [OAK_LOG, OAK_LOG, OAK_LOG, OAK_LOG]
[02:02:46] [Server thread/INFO]: [TreeCapitator] Leaves from JSON: [OAK_LEAVES, OAK_LEAVES, OAK_LEAVES, OAK_LEAVES]
[02:02:46] [Server thread/INFO]: [TreeCapitator] Enabled
[02:02:46] [Server thread/INFO]: [BloodMoon] Enabling BloodMoon v0.8.1
[02:02:47] [Server thread/INFO]: [BloodMoon] This plugin is still in its infancy. If you encounter a bug, please report it to https://www.spigotmc.org/threads/bloodmoon.412741/
[02:02:47] [Server thread/INFO]: [DeathChest] Enabling DeathChest v2.2.7
[02:02:47] [Server thread/INFO]: [DeathChest] 1 death chests loaded in world "world"
[02:02:47] [Server thread/INFO]: [DeathChest]   Of these 1 have expired
[02:02:47] [Server thread/INFO]: [DeathChest] 0 death chests loaded in world "world_nether"
[02:02:47] [Server thread/INFO]: [DeathChest]   Of these 0 have expired
[02:02:47] [Server thread/INFO]: [DeathChest] 0 death chests loaded in world "world_the_end"
[02:02:47] [Server thread/INFO]: [DeathChest]   Of these 0 have expired
[02:02:48] [Server thread/INFO]: [Essentials] Enabling Essentials v2.20.1
[02:02:48] [Server thread/ERROR]: [Essentials] You are running an unsupported server version!
[02:02:50] [Server thread/INFO]: [Essentials] Attempting to convert old kits in config.yml to new kits.yml
[02:02:50] [Server thread/INFO]: [Essentials] No kits found to migrate.
[02:02:51] [Server thread/INFO]: [Essentials] Loaded 39094 items from items.json.
[02:02:51] [Server thread/INFO]: [Essentials] Using locale en
[02:02:51] [Server thread/INFO]: [Essentials] ServerListPingEvent: Spigot iterator API
[02:02:51] [Server thread/INFO]: [Essentials] Starting Metrics. Opt-out using the global bStats config.
[02:02:51] [Server thread/WARN]: [Essentials] Detected supported permissions plugin LuckPerms without Vault installed.
[02:02:51] [Server thread/WARN]: [Essentials] Features such as chat prefixes/suffixes and group-related functionality will not work until you install Vault.
[02:02:51] [Server thread/INFO]: [Essentials] Using superperms-based permissions.
[02:02:51] [Server thread/INFO]: [InfernalMobs] Enabling InfernalMobs v6.8
[02:02:51] [Server thread/INFO]: [InfernalMobs] Registered Events.
[02:02:51] [Server thread/INFO]: [spark] Starting background profiler...
[02:02:52] [Server thread/INFO]: Done preparing level "world" (15.390s)
[02:02:52] [Server thread/INFO]: Running delayed init tasks
[02:02:52] [Craft Scheduler Thread - 2 - Essentials/INFO]: [Essentials] Fetching version information...
[02:02:52] [Server thread/INFO]: Done (50.416s)! For help, type "help"
[02:02:52] [Server thread/INFO]: Timings Reset
[02:02:52] [Craft Scheduler Thread - 3 - TabTPS/INFO]: [TabTPS] There is an update available for TabTPS!
[02:02:52] [Craft Scheduler Thread - 3 - TabTPS/INFO]: [TabTPS] This server is running version v1.3.25, which is 1 versions outdated.
[02:02:52] [Craft Scheduler Thread - 3 - TabTPS/INFO]: [TabTPS] Download the latest version, v1.3.26 from GitHub at the link below:
[02:02:52] [Craft Scheduler Thread - 3 - TabTPS/INFO]: [TabTPS] https://github.com/jpenilla/TabTPS/releases/tag/v1.3.26
[02:04:19] [User Authenticator #0/INFO]: UUID of player Termostato34 is a62bbb5f-22fb-364c-8ce6-21a51aa29739
[02:04:20] [Server thread/INFO]: Termostato34 joined the game
[02:04:21] [Server thread/INFO]: Termostato34[/192.168.194.50:54315] logged in with entity id 43 at ([world_the_end]-2130.3753136560254, 63.0, 233.01629826293677)
[02:05:12] [Server thread/INFO]: Termostato34 issued server command: /echest
[02:05:25] [Server thread/INFO]: Termostato34 issued server command: /homes
[02:05:44] [Server thread/INFO]: Termostato34 issued server command: /back
[02:05:50] [Server thread/INFO]: Termostato34 issued server command: /echest
[02:09:03] [Server thread/ERROR]: [InfernalMobs] No enum constant org.bukkit.potion.PotionType.HEAL
[02:09:03] [Server thread/WARN]: java.lang.IllegalArgumentException: No enum constant org.bukkit.potion.PotionType.HEAL
[02:09:03] [Server thread/WARN]: 	at java.base/java.lang.Enum.valueOf(Enum.java:293)
[02:09:03] [Server thread/WARN]: 	at org.bukkit.potion.PotionType.valueOf(PotionType.java:17)
[02:09:03] [Server thread/WARN]: 	at org.bukkit.craftbukkit.legacy.FieldRename.valueOf_PotionType(FieldRename.java:274)
[02:09:03] [Server thread/WARN]: 	at InfernalMobs.jar//io.hotmail.com.jacob_vejvoda.infernal_mobs.infernal_mobs.BUKKIT_CUSTOM_METHOD_org_bukkit_craftbukkit_legacy_FieldRename_valueOf_PotionType(infernal_mobs.java)
[02:09:03] [Server thread/WARN]: 	at InfernalMobs.jar//io.hotmail.com.jacob_vejvoda.infernal_mobs.infernal_mobs.getItem(infernal_mobs.java:743)
[02:09:03] [Server thread/WARN]: 	at InfernalMobs.jar//io.hotmail.com.jacob_vejvoda.infernal_mobs.infernal_mobs.getLoot(infernal_mobs.java:607)
[02:09:03] [Server thread/WARN]: 	at InfernalMobs.jar//io.hotmail.com.jacob_vejvoda.infernal_mobs.infernal_mobs.getRandomLoot(infernal_mobs.java:577)
[02:09:03] [Server thread/WARN]: 	at InfernalMobs.jar//io.hotmail.com.jacob_vejvoda.infernal_mobs.EventListener.onEntityDeath(EventListener.java:428)
[02:09:03] [Server thread/WARN]: 	at com.destroystokyo.paper.event.executor.asm.generated.GeneratedEventExecutor148.execute(Unknown Source)
[02:09:03] [Server thread/WARN]: 	at org.bukkit.plugin.EventExecutor$2.execute(EventExecutor.java:77)
[02:09:03] [Server thread/WARN]: 	at co.aikar.timings.TimedEventExecutor.execute(TimedEventExecutor.java:80)
[02:09:03] [Server thread/WARN]: 	at org.bukkit.plugin.RegisteredListener.callEvent(RegisteredListener.java:70)
[02:09:03] [Server thread/WARN]: 	at io.papermc.paper.plugin.manager.PaperEventManager.callEvent(PaperEventManager.java:54)
[02:09:03] [Server thread/WARN]: 	at io.papermc.paper.plugin.manager.PaperPluginManagerImpl.callEvent(PaperPluginManagerImpl.java:131)
[02:09:03] [Server thread/WARN]: 	at org.bukkit.plugin.SimplePluginManager.callEvent(SimplePluginManager.java:628)
[02:09:03] [Server thread/WARN]: 	at org.bukkit.craftbukkit.event.CraftEventFactory.callEntityDeathEvent(CraftEventFactory.java:998)
[02:09:03] [Server thread/WARN]: 	at net.minecraft.world.entity.LivingEntity.dropAllDeathLoot(LivingEntity.java:1878)
[02:09:03] [Server thread/WARN]: 	at net.minecraft.world.entity.LivingEntity.die(LivingEntity.java:1781)
[02:09:03] [Server thread/WARN]: 	at net.minecraft.world.entity.LivingEntity.hurt(LivingEntity.java:1586)
[02:09:03] [Server thread/WARN]: 	at net.minecraft.world.entity.monster.EnderMan.hurt(EnderMan.java:404)
[02:09:03] [Server thread/WARN]: 	at net.minecraft.world.entity.player.Player.attack(Player.java:1344)
[02:09:03] [Server thread/WARN]: 	at net.minecraft.server.level.ServerPlayer.attack(ServerPlayer.java:2420)
[02:09:03] [Server thread/WARN]: 	at net.minecraft.server.network.ServerGamePacketListenerImpl$3.onAttack(ServerGamePacketListenerImpl.java:2871)
[02:09:03] [Server thread/WARN]: 	at net.minecraft.network.protocol.game.ServerboundInteractPacket$1.dispatch(ServerboundInteractPacket.java:29)
[02:09:03] [Server thread/WARN]: 	at net.minecraft.network.protocol.game.ServerboundInteractPacket.dispatch(ServerboundInteractPacket.java:89)
[02:09:03] [Server thread/WARN]: 	at net.minecraft.server.network.ServerGamePacketListenerImpl.handleInteract(ServerGamePacketListenerImpl.java:2782)
[02:09:03] [Server thread/WARN]: 	at net.minecraft.network.protocol.game.ServerboundInteractPacket.handle(ServerboundInteractPacket.java:76)
[02:09:03] [Server thread/WARN]: 	at net.minecraft.network.protocol.game.ServerboundInteractPacket.handle(ServerboundInteractPacket.java:14)
[02:09:03] [Server thread/WARN]: 	at net.minecraft.network.protocol.PacketUtils.lambda$ensureRunningOnSameThread$0(PacketUtils.java:56)
[02:09:03] [Server thread/WARN]: 	at net.minecraft.server.TickTask.run(TickTask.java:18)
[02:09:03] [Server thread/WARN]: 	at net.minecraft.util.thread.BlockableEventLoop.doRunTask(BlockableEventLoop.java:151)
[02:09:03] [Server thread/WARN]: 	at net.minecraft.util.thread.ReentrantBlockableEventLoop.doRunTask(ReentrantBlockableEventLoop.java:24)
[02:09:03] [Server thread/WARN]: 	at net.minecraft.server.MinecraftServer.doRunTask(MinecraftServer.java:1537)
[02:09:03] [Server thread/WARN]: 	at net.minecraft.server.MinecraftServer.doRunTask(MinecraftServer.java:201)
[02:09:03] [Server thread/WARN]: 	at net.minecraft.util.thread.BlockableEventLoop.pollTask(BlockableEventLoop.java:125)
[02:09:03] [Server thread/WARN]: 	at net.minecraft.server.MinecraftServer.pollTaskInternal(MinecraftServer.java:1514)
[02:09:03] [Server thread/WARN]: 	at net.minecraft.server.MinecraftServer.pollTask(MinecraftServer.java:1507)
[02:09:03] [Server thread/WARN]: 	at net.minecraft.util.thread.BlockableEventLoop.managedBlock(BlockableEventLoop.java:135)
[02:09:03] [Server thread/WARN]: 	at net.minecraft.server.MinecraftServer.managedBlock(MinecraftServer.java:1466)
[02:09:03] [Server thread/WARN]: 	at net.minecraft.server.MinecraftServer.waitUntilNextTick(MinecraftServer.java:1473)
[02:09:03] [Server thread/WARN]: 	at net.minecraft.server.MinecraftServer.runServer(MinecraftServer.java:1318)
[02:09:03] [Server thread/WARN]: 	at net.minecraft.server.MinecraftServer.lambda$spin$0(MinecraftServer.java:330)
[02:09:03] [Server thread/WARN]: 	at java.base/java.lang.Thread.run(Thread.java:1583)
[02:09:03] [Server thread/INFO]: Named entity EnderMan['Infernal Enderman'/839, uuid='0dc62525-c023-4678-92b1-1368f300abe8', l='ServerLevel[world_the_end]', x=-2140.89, y=63.11, z=251.86, cpos=[-134, 15], tl=872, v=true] died: Infernal Enderman was slain by Termostato34 using [Wrathbringer]
[02:09:43] [Server thread/WARN]: Termostato34 moved too quickly! -6.641054580348282,0.0,7.703543050307701
[02:10:29] [User Authenticator #1/INFO]: UUID of player Bumper202 is 6f43db09-d6f1-35d4-b106-2625ad5968bd
[02:10:31] [Server thread/INFO]: Bumper202 joined the game
[02:10:31] [Server thread/INFO]: Bumper202[/192.168.194.175:60233] logged in with entity id 1020 at ([world]-1751.2478953731743, 63.0, 742.0064060461821)
[02:10:39] [Async Chat Thread - #0/INFO]: [Not Secure] <Bumper202> ola
[02:10:44] [Async Chat Thread - #0/INFO]: [Not Secure] <Termostato34> ola bobolon
[02:10:50] [Async Chat Thread - #0/INFO]: [Not Secure] <Bumper202> te amo mi amor
[02:10:56] [Async Chat Thread - #0/INFO]: [Not Secure] <Bumper202> no le digas a gabriel
[02:10:57] [Async Chat Thread - #0/INFO]: [Not Secure] <Termostato34> :o
[02:11:03] [Async Chat Thread - #0/INFO]: [Not Secure] <Bumper202> lo nuestro es secreto
[02:11:05] [Async Chat Thread - #0/INFO]: [Not Secure] <Bumper202> shhhh
[02:11:19] [Async Chat Thread - #0/INFO]: [Not Secure] <Termostato34> *se sonroja*
